<?xml version="1.0" encoding="UTF-8"?>
<!-- Generated by org.testng.reporters.JUnitReportReporter -->
<testsuite hostname="DESKTOP-MMD2555" failures="0" tests="1" name="com.commonsunfunction.browsernavigation.CommonFunction" time="10.418" errors="0" timestamp="2024-09-07T18:26:21 IST" skipped="0">
  <testcase classname="com.commonsunfunction.browsernavigation.CommonFunction" name="launchBrowser" time="10.418"/>
</testsuite> <!-- com.commonsunfunction.browsernavigation.CommonFunction -->
